Flow report for ex4-2bitcounter
Tue Oct 08 16:47:29 2024
Quartus Prime Version 20.1.1 Build 720 11/11/2020 SJ Lite Edition


---------------------
; Table of Contents ;
---------------------
  1. Legal Notice
  2. Flow Summary
  3. Flow Settings
  4. Flow Non-Default Global Settings
  5. Flow Elapsed Time
  6. Flow OS Summary
  7. Flow Log
  8. Flow Messages
  9. Flow Suppressed Messages



----------------
; Legal Notice ;
----------------
Copyright (C) 2020  Intel Corporation. All rights reserved.
Your use of Intel Corporation's design tools, logic functions 
and other software and tools, and any partner logic 
functions, and any output files from any of the foregoing 
(including device programming or simulation files), and any 
associated documentation or information are expressly subject 
to the terms and conditions of the Intel Program License 
Subscription Agreement, the Intel Quartus Prime License Agreement,
the Intel FPGA IP License Agreement, or other applicable license
agreement, including, without limitation, that your use is for
the sole purpose of programming logic devices manufactured by
Intel and sold by Intel or its authorized distributors.  Please
refer to the applicable agreement for further details, at
https://fpgasoftware.intel.com/eula.



+----------------------------------------------------------------------------------+
; Flow Summary                                                                     ;
+------------------------------------+---------------------------------------------+
; Flow Status                        ; Successful - Tue Oct 08 16:47:24 2024       ;
; Quartus Prime Version              ; 20.1.1 Build 720 11/11/2020 SJ Lite Edition ;
; Revision Name                      ; ex4-2bitcounter                             ;
; Top-level Entity Name              ; ex4-2bitcounter                             ;
; Family                             ; MAX 10                                      ;
; Device                             ; 10M08SAE144C8GES                            ;
; Timing Models                      ; Preliminary                                 ;
; Total logic elements               ; 3 / 8,064 ( < 1 % )                         ;
;     Total combinational functions  ; 3 / 8,064 ( < 1 % )                         ;
;     Dedicated logic registers      ; 2 / 8,064 ( < 1 % )                         ;
; Total registers                    ; 2                                           ;
; Total pins                         ; 3 / 101 ( 3 % )                             ;
; Total virtual pins                 ; 0                                           ;
; Total memory bits                  ; 0 / 387,072 ( 0 % )                         ;
; Embedded Multiplier 9-bit elements ; 0 / 48 ( 0 % )                              ;
; Total PLLs                         ; 0 / 1 ( 0 % )                               ;
; UFM blocks                         ; 0 / 1 ( 0 % )                               ;
; ADC blocks                         ; 0 / 1 ( 0 % )                               ;
+------------------------------------+---------------------------------------------+


+-----------------------------------------+
; Flow Settings                           ;
+-------------------+---------------------+
; Option            ; Setting             ;
+-------------------+---------------------+
; Start date & time ; 10/08/2024 16:46:49 ;
; Main task         ; Compilation         ;
; Revision Name     ; ex4-2bitcounter     ;
+-------------------+---------------------+


+-------------------------------------------------------------------------------------------------------------------------+
; Flow Non-Default Global Settings                                                                                        ;
+-------------------------------------+----------------------------------------+---------------+-------------+------------+
; Assignment Name                     ; Value                                  ; Default Value ; Entity Name ; Section Id ;
+-------------------------------------+----------------------------------------+---------------+-------------+------------+
; COMPILER_SIGNATURE_ID               ; 71205104896758.172839880802948         ; --            ; --          ; --         ;
; PARTITION_COLOR                     ; -- (Not supported for targeted family) ; --            ; --          ; Top        ;
; PARTITION_FITTER_PRESERVATION_LEVEL ; -- (Not supported for targeted family) ; --            ; --          ; Top        ;
; PARTITION_NETLIST_TYPE              ; -- (Not supported for targeted family) ; --            ; --          ; Top        ;
; PROJECT_OUTPUT_DIRECTORY            ; output_files                           ; --            ; --          ; --         ;
+-------------------------------------+----------------------------------------+---------------+-------------+------------+


+--------------------------------------------------------------------------------------------------------------------------+
; Flow Elapsed Time                                                                                                        ;
+----------------------+--------------+-------------------------+---------------------+------------------------------------+
; Module Name          ; Elapsed Time ; Average Processors Used ; Peak Virtual Memory ; Total CPU Time (on all processors) ;
+----------------------+--------------+-------------------------+---------------------+------------------------------------+
; Analysis & Synthesis ; 00:00:15     ; 1.0                     ; 4835 MB             ; 00:00:27                           ;
; Fitter               ; 00:00:08     ; 1.1                     ; 6495 MB             ; 00:00:07                           ;
; Assembler            ; 00:00:02     ; 1.0                     ; 4684 MB             ; 00:00:02                           ;
; Power Analyzer       ; 00:00:07     ; 1.0                     ; 4959 MB             ; 00:00:05                           ;
; Timing Analyzer      ; 00:00:04     ; 1.1                     ; 4897 MB             ; 00:00:03                           ;
; Total                ; 00:00:36     ; --                      ; --                  ; 00:00:44                           ;
+----------------------+--------------+-------------------------+---------------------+------------------------------------+


+------------------------------------------------------------------------------------+
; Flow OS Summary                                                                    ;
+----------------------+------------------+------------+------------+----------------+
; Module Name          ; Machine Hostname ; OS Name    ; OS Version ; Processor type ;
+----------------------+------------------+------------+------------+----------------+
; Analysis & Synthesis ; SonCao-Acer      ; Windows 10 ; 10.0       ; x86_64         ;
; Fitter               ; SonCao-Acer      ; Windows 10 ; 10.0       ; x86_64         ;
; Assembler            ; SonCao-Acer      ; Windows 10 ; 10.0       ; x86_64         ;
; Power Analyzer       ; SonCao-Acer      ; Windows 10 ; 10.0       ; x86_64         ;
; Timing Analyzer      ; SonCao-Acer      ; Windows 10 ; 10.0       ; x86_64         ;
+----------------------+------------------+------------+------------+----------------+


------------
; Flow Log ;
------------
quartus_map --read_settings_files=on --write_settings_files=off ex4-2bitcounter -c ex4-2bitcounter
quartus_fit --read_settings_files=off --write_settings_files=off ex4-2bitcounter -c ex4-2bitcounter
quartus_asm --read_settings_files=off --write_settings_files=off ex4-2bitcounter -c ex4-2bitcounter
quartus_pow --read_settings_files=off --write_settings_files=off ex4-2bitcounter -c ex4-2bitcounter
quartus_sta ex4-2bitcounter -c ex4-2bitcounter



